NETWORK SUMMARY
---------------
Input Layer shape: (1, 180)
Hidden Layer shape: (181, 5)
Output layer shape: (6, 1)
Total parameters: 911

# Dump network 0 Best MSE 0.0290746276921 PCC 0.0659425562196
[0, 100] Train Error: 0.0434 | Train Perf: -0.0497 | Eval Error: 0.0291 | Eval Perf: 0.0659
# Dump network 1 Best MSE 0.0256024117998 PCC 0.167774737187
[1, 100] Train Error: 0.0294 | Train Perf: -0.0325 | Eval Error: 0.0256 | Eval Perf: 0.1678
# Dump network 2 Best MSE 0.0246263224245 PCC 0.24209735503
[2, 100] Train Error: 0.0275 | Train Perf: 0.2377 | Eval Error: 0.0246 | Eval Perf: 0.2421
# Dump network 3 Best MSE 0.024314729019 PCC 0.29341204786
[3, 100] Train Error: 0.0269 | Train Perf: 0.3604 | Eval Error: 0.0243 | Eval Perf: 0.2934
# Dump network 4 Best MSE 0.0240672450956 PCC 0.329498834282
[4, 100] Train Error: 0.0264 | Train Perf: 0.4398 | Eval Error: 0.0241 | Eval Perf: 0.3295
# Dump network 5 Best MSE 0.0238588270457 PCC 0.354154932083
[5, 100] Train Error: 0.0259 | Train Perf: 0.5066 | Eval Error: 0.0239 | Eval Perf: 0.3542
# Dump network 6 Best MSE 0.0236456236334 PCC 0.372322076124
[6, 100] Train Error: 0.0254 | Train Perf: 0.5519 | Eval Error: 0.0236 | Eval Perf: 0.3723
# Dump network 7 Best MSE 0.0234137719811 PCC 0.387742620197
[7, 100] Train Error: 0.0249 | Train Perf: 0.5693 | Eval Error: 0.0234 | Eval Perf: 0.3877
# Dump network 8 Best MSE 0.0231887850456 PCC 0.399986907089
[8, 100] Train Error: 0.0244 | Train Perf: 0.5863 | Eval Error: 0.0232 | Eval Perf: 0.4
# Dump network 9 Best MSE 0.0229607070238 PCC 0.410533901715
[9, 100] Train Error: 0.0239 | Train Perf: 0.6019 | Eval Error: 0.023 | Eval Perf: 0.4105
# Dump network 10 Best MSE 0.0227198841889 PCC 0.41904983566
[10, 100] Train Error: 0.0234 | Train Perf: 0.621 | Eval Error: 0.0227 | Eval Perf: 0.419
# Dump network 11 Best MSE 0.0224822487415 PCC 0.427924475294
[11, 100] Train Error: 0.0229 | Train Perf: 0.6295 | Eval Error: 0.0225 | Eval Perf: 0.4279
# Dump network 12 Best MSE 0.0222520677162 PCC 0.436597364752
[12, 100] Train Error: 0.0224 | Train Perf: 0.6382 | Eval Error: 0.0223 | Eval Perf: 0.4366
# Dump network 13 Best MSE 0.0220249062711 PCC 0.44497427519
[13, 100] Train Error: 0.0219 | Train Perf: 0.6451 | Eval Error: 0.022 | Eval Perf: 0.445
# Dump network 14 Best MSE 0.0218079712717 PCC 0.453582400258
[14, 100] Train Error: 0.0214 | Train Perf: 0.651 | Eval Error: 0.0218 | Eval Perf: 0.4536
# Dump network 15 Best MSE 0.0215837594827 PCC 0.461721135211
[15, 100] Train Error: 0.0209 | Train Perf: 0.6618 | Eval Error: 0.0216 | Eval Perf: 0.4617
# Dump network 16 Best MSE 0.0213358843073 PCC 0.468889803361
[16, 100] Train Error: 0.0204 | Train Perf: 0.6698 | Eval Error: 0.0213 | Eval Perf: 0.4689
# Dump network 17 Best MSE 0.0211189040158 PCC 0.477160322359
[17, 100] Train Error: 0.0199 | Train Perf: 0.6717 | Eval Error: 0.0211 | Eval Perf: 0.4772
# Dump network 18 Best MSE 0.0208788329186 PCC 0.484746334903
[18, 100] Train Error: 0.0195 | Train Perf: 0.6825 | Eval Error: 0.0209 | Eval Perf: 0.4847
# Dump network 19 Best MSE 0.0206821847555 PCC 0.493083170573
[19, 100] Train Error: 0.019 | Train Perf: 0.6843 | Eval Error: 0.0207 | Eval Perf: 0.4931
# Dump network 20 Best MSE 0.0204252534206 PCC 0.500161697584
[20, 100] Train Error: 0.0186 | Train Perf: 0.6951 | Eval Error: 0.0204 | Eval Perf: 0.5002
# Dump network 21 Best MSE 0.0202407912004 PCC 0.508924444999
[21, 100] Train Error: 0.0181 | Train Perf: 0.6967 | Eval Error: 0.0202 | Eval Perf: 0.5089
# Dump network 22 Best MSE 0.0200625027988 PCC 0.517140428346
[22, 100] Train Error: 0.0177 | Train Perf: 0.7022 | Eval Error: 0.0201 | Eval Perf: 0.5171
# Dump network 23 Best MSE 0.0198212185284 PCC 0.524204310376
[23, 100] Train Error: 0.0173 | Train Perf: 0.7132 | Eval Error: 0.0198 | Eval Perf: 0.5242
# Dump network 24 Best MSE 0.0196372799606 PCC 0.531906340445
[24, 100] Train Error: 0.0169 | Train Perf: 0.7169 | Eval Error: 0.0196 | Eval Perf: 0.5319
# Dump network 25 Best MSE 0.0193990658295 PCC 0.538680130909
[25, 100] Train Error: 0.0165 | Train Perf: 0.7266 | Eval Error: 0.0194 | Eval Perf: 0.5387
# Dump network 26 Best MSE 0.0192174261018 PCC 0.546435725782
[26, 100] Train Error: 0.0161 | Train Perf: 0.7302 | Eval Error: 0.0192 | Eval Perf: 0.5464
# Dump network 27 Best MSE 0.0191005108622 PCC 0.555545191314
[27, 100] Train Error: 0.0157 | Train Perf: 0.7327 | Eval Error: 0.0191 | Eval Perf: 0.5555
# Dump network 28 Best MSE 0.0189257041835 PCC 0.562584658721
[28, 100] Train Error: 0.0154 | Train Perf: 0.7413 | Eval Error: 0.0189 | Eval Perf: 0.5626
# Dump network 29 Best MSE 0.0187437944579 PCC 0.569683952479
[29, 100] Train Error: 0.015 | Train Perf: 0.7476 | Eval Error: 0.0187 | Eval Perf: 0.5697
# Dump network 30 Best MSE 0.0185987999166 PCC 0.577009338825
[30, 100] Train Error: 0.0146 | Train Perf: 0.751 | Eval Error: 0.0186 | Eval Perf: 0.577
# Dump network 31 Best MSE 0.0185054884149 PCC 0.584796687985
[31, 100] Train Error: 0.0143 | Train Perf: 0.7556 | Eval Error: 0.0185 | Eval Perf: 0.5848
# Dump network 32 Best MSE 0.0182821160182 PCC 0.590240724165
[32, 100] Train Error: 0.014 | Train Perf: 0.7652 | Eval Error: 0.0183 | Eval Perf: 0.5902
# Dump network 33 Best MSE 0.0181585024051 PCC 0.597195452676
[33, 100] Train Error: 0.0136 | Train Perf: 0.7688 | Eval Error: 0.0182 | Eval Perf: 0.5972
# Dump network 34 Best MSE 0.0181220332541 PCC 0.605109311731
[34, 100] Train Error: 0.0133 | Train Perf: 0.773 | Eval Error: 0.0181 | Eval Perf: 0.6051
# Dump network 35 Best MSE 0.0179664415841 PCC 0.610609103069
[35, 100] Train Error: 0.013 | Train Perf: 0.7801 | Eval Error: 0.018 | Eval Perf: 0.6106
# Dump network 36 Best MSE 0.0176650336103 PCC 0.614268038185
[36, 100] Train Error: 0.0127 | Train Perf: 0.7896 | Eval Error: 0.0177 | Eval Perf: 0.6143
# Dump network 37 Best MSE 0.0176510376366 PCC 0.622004116439
[37, 100] Train Error: 0.0124 | Train Perf: 0.7871 | Eval Error: 0.0177 | Eval Perf: 0.622
# Dump network 38 Best MSE 0.0174066158851 PCC 0.625871459929
[38, 100] Train Error: 0.0122 | Train Perf: 0.7971 | Eval Error: 0.0174 | Eval Perf: 0.6259
# Dump network 39 Best MSE 0.0172781625882 PCC 0.63106883405
[39, 100] Train Error: 0.0119 | Train Perf: 0.7993 | Eval Error: 0.0173 | Eval Perf: 0.6311
# Dump network 40 Best MSE 0.0170920812185 PCC 0.635684458693
[40, 100] Train Error: 0.0116 | Train Perf: 0.8048 | Eval Error: 0.0171 | Eval Perf: 0.6357
[41, 100] Train Error: 0.0114 | Train Perf: 0.8054 | Eval Error: 0.0171 | Eval Perf: 0.6426
# Dump network 42 Best MSE 0.0169988038109 PCC 0.647459013516
[42, 100] Train Error: 0.0111 | Train Perf: 0.8118 | Eval Error: 0.017 | Eval Perf: 0.6475
# Dump network 43 Best MSE 0.0168403268053 PCC 0.651941185621
[43, 100] Train Error: 0.0109 | Train Perf: 0.8167 | Eval Error: 0.0168 | Eval Perf: 0.6519
# Dump network 44 Best MSE 0.0167822591408 PCC 0.657014981322
[44, 100] Train Error: 0.0107 | Train Perf: 0.8189 | Eval Error: 0.0168 | Eval Perf: 0.657
# Dump network 45 Best MSE 0.0167178065067 PCC 0.662236410518
[45, 100] Train Error: 0.0105 | Train Perf: 0.8228 | Eval Error: 0.0167 | Eval Perf: 0.6622
# Dump network 46 Best MSE 0.0165821833045 PCC 0.666401432103
[46, 100] Train Error: 0.0102 | Train Perf: 0.8279 | Eval Error: 0.0166 | Eval Perf: 0.6664
# Dump network 47 Best MSE 0.016486989902 PCC 0.671249983217
[47, 100] Train Error: 0.01 | Train Perf: 0.8306 | Eval Error: 0.0165 | Eval Perf: 0.6712
# Dump network 48 Best MSE 0.0162693854276 PCC 0.674376995667
[48, 100] Train Error: 0.0098 | Train Perf: 0.8362 | Eval Error: 0.0163 | Eval Perf: 0.6744
# Dump network 49 Best MSE 0.0162052986321 PCC 0.678795970615
[49, 100] Train Error: 0.0096 | Train Perf: 0.8371 | Eval Error: 0.0162 | Eval Perf: 0.6788
# Dump network 50 Best MSE 0.0161565665659 PCC 0.684198237175
[50, 100] Train Error: 0.0094 | Train Perf: 0.8395 | Eval Error: 0.0162 | Eval Perf: 0.6842
# Dump network 51 Best MSE 0.0161433515721 PCC 0.689420041067
[51, 100] Train Error: 0.0093 | Train Perf: 0.8427 | Eval Error: 0.0161 | Eval Perf: 0.6894
# Dump network 52 Best MSE 0.0160788785632 PCC 0.693828231523
[52, 100] Train Error: 0.0091 | Train Perf: 0.8462 | Eval Error: 0.0161 | Eval Perf: 0.6938
# Dump network 53 Best MSE 0.0159927065145 PCC 0.698060116245
[53, 100] Train Error: 0.0089 | Train Perf: 0.849 | Eval Error: 0.016 | Eval Perf: 0.6981
# Dump network 54 Best MSE 0.0158400001839 PCC 0.701728331247
[54, 100] Train Error: 0.0087 | Train Perf: 0.8531 | Eval Error: 0.0158 | Eval Perf: 0.7017
# Dump network 55 Best MSE 0.015807375838 PCC 0.706563391192
[55, 100] Train Error: 0.0086 | Train Perf: 0.8544 | Eval Error: 0.0158 | Eval Perf: 0.7066
# Dump network 56 Best MSE 0.0156613656366 PCC 0.709743847786
[56, 100] Train Error: 0.0084 | Train Perf: 0.8586 | Eval Error: 0.0157 | Eval Perf: 0.7097
# Dump network 57 Best MSE 0.015460889069 PCC 0.712401535404
[57, 100] Train Error: 0.0083 | Train Perf: 0.862 | Eval Error: 0.0155 | Eval Perf: 0.7124
# Dump network 58 Best MSE 0.0153566916896 PCC 0.716126449323
[58, 100] Train Error: 0.0081 | Train Perf: 0.8633 | Eval Error: 0.0154 | Eval Perf: 0.7161
[59, 100] Train Error: 0.008 | Train Perf: 0.8641 | Eval Error: 0.0154 | Eval Perf: 0.7218
# Dump network 60 Best MSE 0.0152560710883 PCC 0.724898455331
[60, 100] Train Error: 0.0078 | Train Perf: 0.8692 | Eval Error: 0.0153 | Eval Perf: 0.7249
# Dump network 61 Best MSE 0.0152267140149 PCC 0.728800062012
[61, 100] Train Error: 0.0077 | Train Perf: 0.8703 | Eval Error: 0.0152 | Eval Perf: 0.7288
# Dump network 62 Best MSE 0.0151631832646 PCC 0.733033562465
[62, 100] Train Error: 0.0076 | Train Perf: 0.8722 | Eval Error: 0.0152 | Eval Perf: 0.733
# Dump network 63 Best MSE 0.0150941090154 PCC 0.736717821983
[63, 100] Train Error: 0.0074 | Train Perf: 0.8749 | Eval Error: 0.0151 | Eval Perf: 0.7367
[64, 100] Train Error: 0.0073 | Train Perf: 0.8757 | Eval Error: 0.0152 | Eval Perf: 0.7412
# Dump network 65 Best MSE 0.0149590756019 PCC 0.743623096757
[65, 100] Train Error: 0.0072 | Train Perf: 0.8808 | Eval Error: 0.015 | Eval Perf: 0.7436
# Dump network 66 Best MSE 0.0149287150847 PCC 0.747101561945
[66, 100] Train Error: 0.0071 | Train Perf: 0.8816 | Eval Error: 0.0149 | Eval Perf: 0.7471
# Dump network 67 Best MSE 0.0147134086344 PCC 0.748996126266
[67, 100] Train Error: 0.0069 | Train Perf: 0.8854 | Eval Error: 0.0147 | Eval Perf: 0.749
# Dump network 68 Best MSE 0.0147017971929 PCC 0.752929031468
[68, 100] Train Error: 0.0069 | Train Perf: 0.8849 | Eval Error: 0.0147 | Eval Perf: 0.7529
# Dump network 69 Best MSE 0.0146927451887 PCC 0.756428613535
[69, 100] Train Error: 0.0067 | Train Perf: 0.887 | Eval Error: 0.0147 | Eval Perf: 0.7564
[70, 100] Train Error: 0.0066 | Train Perf: 0.8886 | Eval Error: 0.0147 | Eval Perf: 0.7601
# Dump network 71 Best MSE 0.0146338522934 PCC 0.763088135277
[71, 100] Train Error: 0.0065 | Train Perf: 0.8912 | Eval Error: 0.0146 | Eval Perf: 0.7631
# Dump network 72 Best MSE 0.0145292174559 PCC 0.765761890445
[72, 100] Train Error: 0.0064 | Train Perf: 0.893 | Eval Error: 0.0145 | Eval Perf: 0.7658
[73, 100] Train Error: 0.0063 | Train Perf: 0.8936 | Eval Error: 0.0146 | Eval Perf: 0.7694
[74, 100] Train Error: 0.0062 | Train Perf: 0.8962 | Eval Error: 0.0146 | Eval Perf: 0.7723
# Dump network 75 Best MSE 0.0141836986984 PCC 0.773058146576
[75, 100] Train Error: 0.0061 | Train Perf: 0.9011 | Eval Error: 0.0142 | Eval Perf: 0.7731
[76, 100] Train Error: 0.006 | Train Perf: 0.8989 | Eval Error: 0.0142 | Eval Perf: 0.7767
# Dump network 77 Best MSE 0.0140707757215 PCC 0.778366481343
[77, 100] Train Error: 0.0059 | Train Perf: 0.9022 | Eval Error: 0.0141 | Eval Perf: 0.7784
# Dump network 78 Best MSE 0.0140644137526 PCC 0.781341084437
[78, 100] Train Error: 0.0059 | Train Perf: 0.9023 | Eval Error: 0.0141 | Eval Perf: 0.7813
# Dump network 79 Best MSE 0.0139049348145 PCC 0.78313427871
[79, 100] Train Error: 0.0058 | Train Perf: 0.905 | Eval Error: 0.0139 | Eval Perf: 0.7831
# Dump network 80 Best MSE 0.013729990915 PCC 0.784720367298
[80, 100] Train Error: 0.0057 | Train Perf: 0.9067 | Eval Error: 0.0137 | Eval Perf: 0.7847
[81, 100] Train Error: 0.0056 | Train Perf: 0.906 | Eval Error: 0.0138 | Eval Perf: 0.7879
[82, 100] Train Error: 0.0055 | Train Perf: 0.908 | Eval Error: 0.0138 | Eval Perf: 0.7905
[83, 100] Train Error: 0.0055 | Train Perf: 0.9089 | Eval Error: 0.0138 | Eval Perf: 0.7932
[84, 100] Train Error: 0.0054 | Train Perf: 0.9113 | Eval Error: 0.0138 | Eval Perf: 0.7953
# Dump network 85 Best MSE 0.0136017823109 PCC 0.796574285843
[85, 100] Train Error: 0.0053 | Train Perf: 0.9137 | Eval Error: 0.0136 | Eval Perf: 0.7966
# Dump network 86 Best MSE 0.0135676512163 PCC 0.798592144011
[86, 100] Train Error: 0.0052 | Train Perf: 0.9135 | Eval Error: 0.0136 | Eval Perf: 0.7986
# Dump network 87 Best MSE 0.013559695154 PCC 0.800784616599
[87, 100] Train Error: 0.0052 | Train Perf: 0.9146 | Eval Error: 0.0136 | Eval Perf: 0.8008
[88, 100] Train Error: 0.0051 | Train Perf: 0.9155 | Eval Error: 0.0136 | Eval Perf: 0.8028
# Dump network 89 Best MSE 0.0134633096882 PCC 0.804334188875
[89, 100] Train Error: 0.005 | Train Perf: 0.9176 | Eval Error: 0.0135 | Eval Perf: 0.8043
[90, 100] Train Error: 0.005 | Train Perf: 0.917 | Eval Error: 0.0137 | Eval Perf: 0.8071
[91, 100] Train Error: 0.0049 | Train Perf: 0.9196 | Eval Error: 0.0135 | Eval Perf: 0.8083
[92, 100] Train Error: 0.0048 | Train Perf: 0.92 | Eval Error: 0.0136 | Eval Perf: 0.8103
# Dump network 93 Best MSE 0.0133516402034 PCC 0.810989019914
[93, 100] Train Error: 0.0048 | Train Perf: 0.9222 | Eval Error: 0.0134 | Eval Perf: 0.811
# Dump network 94 Best MSE 0.0132633316904 PCC 0.812300890517
[94, 100] Train Error: 0.0047 | Train Perf: 0.9224 | Eval Error: 0.0133 | Eval Perf: 0.8123
# Dump network 95 Best MSE 0.0131976167725 PCC 0.813622955613
[95, 100] Train Error: 0.0047 | Train Perf: 0.9232 | Eval Error: 0.0132 | Eval Perf: 0.8136
# Dump network 96 Best MSE 0.0130769198667 PCC 0.814667480398
[96, 100] Train Error: 0.0046 | Train Perf: 0.9247 | Eval Error: 0.0131 | Eval Perf: 0.8147
# Dump network 97 Best MSE 0.0129260695735 PCC 0.815568933575
[97, 100] Train Error: 0.0046 | Train Perf: 0.9256 | Eval Error: 0.0129 | Eval Perf: 0.8156
[98, 100] Train Error: 0.0045 | Train Perf: 0.9248 | Eval Error: 0.0131 | Eval Perf: 0.8176
[99, 100] Train Error: 0.0045 | Train Perf: 0.9267 | Eval Error: 0.013 | Eval Perf: 0.8189
